TN:
SF:src/adapters/base-adapter.js
FN:3,(anonymous_0)
FNF:1
FNH:0
FNDA:0,(anonymous_0)
DA:1,1
DA:3,1
DA:4,0
DA:5,0
DA:8,1
LF:5
LH:3
BRF:0
BRH:0
end_of_record
TN:
SF:src/adapters/crypto-adapter.js
FN:5,(anonymous_0)
FN:10,(anonymous_1)
FN:15,(anonymous_2)
FN:22,(anonymous_3)
FNF:4
FNH:0
FNDA:0,(anonymous_0)
FNDA:0,(anonymous_1)
FNDA:0,(anonymous_2)
FNDA:0,(anonymous_3)
DA:1,1
DA:2,1
DA:3,1
DA:5,1
DA:6,0
DA:7,0
DA:10,1
DA:11,0
DA:12,0
DA:15,1
DA:16,0
DA:17,0
DA:18,0
DA:19,0
DA:22,1
DA:23,0
DA:24,0
DA:25,0
DA:26,0
DA:29,1
LF:20
LH:8
BRDA:1,0,0,1
BRDA:1,0,1,1
BRF:2
BRH:2
end_of_record
TN:
SF:src/config/environments/development.js
FNF:0
FNH:0
DA:1,1
LF:1
LH:1
BRF:0
BRH:0
end_of_record
TN:
SF:src/entities/crypto-entity.js
FN:4,(anonymous_0)
FN:21,(anonymous_1)
FNF:2
FNH:2
FNDA:3,(anonymous_0)
FNDA:1,(anonymous_1)
DA:1,1
DA:5,3
DA:6,3
DA:7,3
DA:8,3
DA:9,3
DA:10,3
DA:11,0
DA:12,0
DA:13,0
DA:14,0
DA:15,0
DA:16,3
DA:22,1
DA:23,1
DA:24,1
DA:25,1
DA:26,1
DA:27,1
DA:28,1
DA:32,1
DA:49,1
LF:22
LH:17
BRDA:10,0,0,0
BRDA:10,0,1,3
BRF:2
BRH:1
end_of_record
TN:
SF:src/entities/errors-entities.js
FN:2,(anonymous_0)
FN:11,(anonymous_1)
FN:20,(anonymous_2)
FNF:3
FNH:3
FNDA:2,(anonymous_0)
FNDA:2,(anonymous_1)
FNDA:4,(anonymous_2)
DA:3,2
DA:5,2
DA:6,2
DA:12,2
DA:14,2
DA:15,2
DA:21,4
DA:23,4
DA:24,4
DA:28,1
LF:10
LH:10
BRF:0
BRH:0
end_of_record
TN:
SF:src/entities/message-entity.js
FN:2,(anonymous_0)
FN:3,(anonymous_1)
FN:5,(anonymous_2)
FN:6,(anonymous_3)
FN:8,(anonymous_4)
FN:10,(anonymous_5)
FN:12,(anonymous_6)
FN:13,(anonymous_7)
FN:14,(anonymous_8)
FN:15,(anonymous_9)
FN:16,(anonymous_10)
FNF:11
FNH:4
FNDA:2,(anonymous_0)
FNDA:2,(anonymous_1)
FNDA:0,(anonymous_2)
FNDA:0,(anonymous_3)
FNDA:0,(anonymous_4)
FNDA:0,(anonymous_5)
FNDA:0,(anonymous_6)
FNDA:0,(anonymous_7)
FNDA:2,(anonymous_8)
FNDA:2,(anonymous_9)
FNDA:0,(anonymous_10)
DA:2,2
DA:3,1
DA:4,2
DA:5,1
DA:6,1
DA:7,0
DA:8,1
DA:9,0
DA:10,1
DA:11,0
DA:12,1
DA:13,1
DA:14,2
DA:15,2
DA:16,1
DA:19,1
LF:16
LH:13
BRF:0
BRH:0
end_of_record
TN:
SF:src/entities/user-entity.js
FN:4,(anonymous_0)
FNF:1
FNH:1
FNDA:1,(anonymous_0)
DA:1,1
DA:5,1
DA:6,1
DA:7,1
DA:8,1
DA:9,1
DA:10,1
DA:14,1
DA:27,1
LF:9
LH:9
BRF:0
BRH:0
end_of_record
TN:
SF:src/repositories/crypto-repository.js
FN:3,(anonymous_0)
FN:8,(anonymous_1)
FN:14,(anonymous_2)
FNF:3
FNH:0
FNDA:0,(anonymous_0)
FNDA:0,(anonymous_1)
FNDA:0,(anonymous_2)
DA:1,1
DA:3,1
DA:4,0
DA:5,0
DA:8,1
DA:9,0
DA:14,1
DA:15,0
DA:22,1
LF:9
LH:5
BRF:0
BRH:0
end_of_record
TN:
SF:src/repositories/user-repository.js
FN:3,(anonymous_0)
FN:8,(anonymous_1)
FNF:2
FNH:0
FNDA:0,(anonymous_0)
FNDA:0,(anonymous_1)
DA:1,1
DA:3,1
DA:4,0
DA:5,0
DA:8,1
DA:9,0
DA:12,1
LF:7
LH:4
BRF:0
BRH:0
end_of_record
TN:
SF:src/services/crypto-service.js
FN:12,(anonymous_0)
FN:22,(anonymous_1)
FN:34,(anonymous_2)
FN:47,(anonymous_3)
FN:60,(anonymous_4)
FN:66,(anonymous_5)
FNF:6
FNH:5
FNDA:0,(anonymous_0)
FNDA:2,(anonymous_1)
FNDA:1,(anonymous_2)
FNDA:3,(anonymous_3)
FNDA:1,(anonymous_4)
FNDA:1,(anonymous_5)
DA:1,1
DA:2,1
DA:6,1
DA:7,1
DA:8,1
DA:9,1
DA:10,1
DA:12,1
DA:13,0
DA:22,1
DA:23,2
DA:24,2
DA:25,1
DA:34,1
DA:35,1
DA:36,1
DA:37,1
DA:38,2
DA:41,2
DA:42,2
DA:44,1
DA:47,1
DA:48,3
DA:49,3
DA:50,3
DA:51,3
DA:52,1
DA:53,2
DA:54,2
DA:55,1
DA:56,1
DA:57,1
DA:60,1
DA:61,1
DA:62,1
DA:63,1
DA:64,1
DA:65,1
DA:66,1
DA:67,1
DA:70,1
LF:41
LH:40
BRDA:1,0,0,1
BRDA:1,0,1,1
BRDA:22,1,0,1
BRDA:24,2,0,1
BRDA:24,2,1,1
BRDA:51,3,0,1
BRDA:51,3,1,2
BRDA:54,4,0,1
BRDA:54,4,1,1
BRF:9
BRH:9
end_of_record
TN:
SF:src/services/user-service.js
FN:9,(anonymous_0)
FN:17,(anonymous_1)
FNF:2
FNH:2
FNDA:2,(anonymous_0)
FNDA:2,(anonymous_1)
DA:1,1
DA:2,1
DA:3,1
DA:4,1
DA:5,1
DA:6,1
DA:7,1
DA:9,1
DA:10,2
DA:11,2
DA:12,2
DA:13,1
DA:14,1
DA:17,1
DA:18,2
DA:19,2
DA:20,2
DA:21,2
DA:22,1
DA:23,1
DA:30,1
DA:33,1
LF:22
LH:22
BRDA:1,0,0,1
BRDA:1,0,1,1
BRDA:12,1,0,1
BRDA:12,1,1,1
BRDA:21,2,0,1
BRDA:21,2,1,1
BRDA:21,3,0,2
BRDA:21,3,1,2
BRF:8
BRH:8
end_of_record
